[2019-01-13 21:30:36,409][MainThread:24560][task_id:core.src][src.py:19][INFO][登录成功]
[2019-01-13 21:31:36,083][MainThread:24560][task_id:core.src][src.py:19][INFO][登录成功]
[2019-01-13 21:38:26,686][MainThread:29948][task_id:core.src][src.py:21][INFO][登录成功]
[2019-01-13 21:43:17,591][MainThread:30536][task_id:core.src][src.py:26][ERROR][用户名不存在]
[2019-01-13 21:49:09,976][MainThread:28328][task_id:core.src][src.py:28][INFO][zhuce]
[2019-01-13 21:50:03,935][MainThread:27424][task_id:core.src][src.py:30][INFO][用户名不存在]
[2019-01-13 21:59:48,808][MainThread:29836][task_id:core.src][src.py:30][INFO][登录成功]
[2019-01-13 22:04:33,638][MainThread:22412][task_id:core.src][src.py:30][INFO][登录成功]
[2019-01-13 22:05:03,549][MainThread:27360][task_id:core.src][src.py:30][INFO][登录成功]
[2019-01-13 22:09:52,107][MainThread:29400][task_id:core.src][src.py:30][INFO][登录成功]
[2019-01-13 22:13:11,151][MainThread:26396][task_id:core.src][src.py:29][INFO][登录成功]
[2019-01-13 22:15:47,388][MainThread:19008][task_id:core.src][src.py:21][INFO][登录成功]
[2019-01-13 22:28:50,335][MainThread:26972][task_id:core.src][src.py:29][ERROR][错误3次，您被锁定了]
[2019-01-13 22:28:56,122][MainThread:26972][task_id:core.src][src.py:29][ERROR][错误3次，您被锁定了]
[2019-01-13 22:28:59,257][MainThread:26972][task_id:core.src][src.py:29][ERROR][错误3次，您被锁定了]
[2019-01-13 22:30:45,658][MainThread:23348][task_id:core.src][src.py:33][INFO][登录成功]
[2019-01-13 22:30:55,103][MainThread:7024][task_id:core.src][src.py:38][ERROR][密码错误]
[2019-01-13 22:31:03,940][MainThread:7024][task_id:core.src][src.py:38][ERROR][密码错误]
[2019-01-13 22:31:06,630][MainThread:7024][task_id:core.src][src.py:38][ERROR][密码错误]
[2019-01-13 22:31:06,630][MainThread:7024][task_id:core.src][src.py:28][ERROR][错误3次，您被锁定了]
[2019-01-13 22:33:17,922][MainThread:29932][task_id:core.src][src.py:38][ERROR][密码错误]
[2019-01-13 22:33:28,904][MainThread:29932][task_id:core.src][src.py:38][ERROR][密码错误]
[2019-01-13 22:33:31,685][MainThread:29932][task_id:core.src][src.py:38][ERROR][密码错误]
[2019-01-13 22:33:31,685][MainThread:29932][task_id:core.src][src.py:28][ERROR][错误3次，您被锁定了]
[2019-01-13 22:37:50,058][MainThread:24028][task_id:core.src][src.py:34][INFO][登录成功]
[2019-01-13 22:38:05,829][MainThread:26752][task_id:core.src][src.py:39][ERROR][密码错误]
[2019-01-13 22:38:09,302][MainThread:26752][task_id:core.src][src.py:39][ERROR][密码错误]
[2019-01-13 22:38:11,815][MainThread:26752][task_id:core.src][src.py:39][ERROR][密码错误]
[2019-01-13 22:38:12,816][MainThread:26752][task_id:core.src][src.py:28][ERROR][错误3次，您被锁定了]
[2019-01-13 22:40:27,720][MainThread:22940][task_id:core.src][src.py:34][INFO][登录成功]
[2019-01-13 22:49:53,148][MainThread:24808][task_id:core.src][src.py:36][INFO][登录成功]
[2019-01-13 22:51:07,611][MainThread:3484][task_id:core.src][src.py:42][ERROR][密码错误]
[2019-01-13 22:51:08,553][MainThread:3484][task_id:core.src][src.py:42][ERROR][密码错误]
[2019-01-13 22:51:12,543][MainThread:3484][task_id:core.src][src.py:42][ERROR][密码错误]
[2019-01-13 22:51:12,543][MainThread:3484][task_id:core.src][src.py:29][WARNING][错误3次，您被锁定了]
[2019-01-13 22:51:19,171][MainThread:25072][task_id:core.src][src.py:22][WARNING][您被锁定了]
[2019-01-13 23:00:40,273][MainThread:23024][task_id:core.src][src.py:41][INFO][登录成功]
[2019-01-13 23:01:25,921][MainThread:26392][task_id:core.src][src.py:41][INFO][登录成功]
[2019-01-13 23:03:08,262][MainThread:5436][task_id:core.src][src.py:41][INFO][登录成功]
[2019-01-13 23:09:26,471][MainThread:25708][task_id:core.src][src.py:41][INFO][登录成功]
[2019-01-13 23:20:00,530][MainThread:8276][task_id:core.src][src.py:41][INFO][登录成功]
[2019-01-13 23:20:36,345][MainThread:24560][task_id:core.src][src.py:41][INFO][登录成功]
[2019-01-13 23:20:53,001][MainThread:28252][task_id:core.src][src.py:41][INFO][登录成功]
[2019-01-13 23:22:18,171][MainThread:16752][task_id:core.src][src.py:41][INFO][登录成功]
[2019-01-13 23:23:28,313][MainThread:21020][task_id:core.src][src.py:41][INFO][登录成功]
[2019-01-13 23:31:30,019][MainThread:27916][task_id:core.src][src.py:41][INFO][登录成功]
[2019-01-13 23:32:01,619][MainThread:31728][task_id:core.src][src.py:41][INFO][登录成功]
