[2019-02-04 15:49:19,421][MainThread:22336][task_id:manager][manager.py:23][INFO][manager 注册了]
[2019-02-04 15:50:05,501][MainThread:20748][task_id:manager][manager.py:23][INFO][manager1 注册了]
[2019-02-04 15:50:18,099][MainThread:20748][task_id:manager][manager.py:23][INFO][manager2 注册了]
[2019-02-04 15:50:32,660][MainThread:20748][task_id:common][common.py:12][INFO][manager1登录了(身份:manager)]
[2019-02-04 15:50:59,794][MainThread:20748][task_id:common][common.py:52][INFO][上海学校创建成功]
[2019-02-04 15:51:35,000][MainThread:20748][task_id:common][common.py:52][INFO][纽约学校创建成功]
[2019-02-04 15:52:08,046][MainThread:20748][task_id:common][common.py:86][INFO][上海学校创建AI课程成功]
[2019-02-04 15:52:47,024][MainThread:20748][task_id:common][common.py:86][INFO][上海学校创建Python课程成功]
[2019-02-04 15:53:16,308][MainThread:20748][task_id:common][common.py:86][INFO][纽约学校创建ML课程成功]
[2019-02-04 15:53:49,689][MainThread:20748][task_id:common][common.py:107][INFO][上海学校添加teacher1老师成功]
[2019-02-04 15:54:14,181][MainThread:20748][task_id:common][common.py:107][INFO][上海学校添加teacher2老师成功]
[2019-02-04 15:54:51,332][MainThread:20748][task_id:common][common.py:107][INFO][纽约学校添加teacher3老师成功]
[2019-02-04 15:55:49,365][MainThread:20748][task_id:common][common.py:130][INFO][上海学校AI课程创建一班班级成功]
[2019-02-04 15:55:49,373][MainThread:20748][task_id:common][common.py:155][INFO][上海学校AI课程一班班级设置teacher1老师成功]
[2019-02-04 15:56:54,888][MainThread:20748][task_id:common][common.py:130][INFO][上海学校AI课程创建二班班级成功]
[2019-02-04 15:56:54,896][MainThread:20748][task_id:common][common.py:155][INFO][上海学校AI课程二班班级设置teacher2老师成功]
[2019-02-04 15:57:26,556][MainThread:20748][task_id:common][common.py:130][INFO][上海学校Python课程创建一班班级成功]
[2019-02-04 15:57:26,563][MainThread:20748][task_id:common][common.py:155][INFO][上海学校Python课程一班班级设置teacher1老师成功]
[2019-02-04 15:57:49,862][MainThread:20748][task_id:common][common.py:130][INFO][上海学校AI课程创建三班班级成功]
[2019-02-04 15:57:49,870][MainThread:20748][task_id:common][common.py:155][INFO][上海学校AI课程三班班级设置teacher1老师成功]
[2019-02-04 15:58:57,316][MainThread:20748][task_id:common][common.py:12][INFO][manager1登录了(身份:manager)]
[2019-02-04 16:00:36,705][MainThread:20748][task_id:common][common.py:12][INFO][teacher1登录了(身份:teacher)]
[2019-02-04 16:01:44,158][MainThread:20748][task_id:student][student.py:23][INFO][student1 注册了]
[2019-02-04 16:01:58,923][MainThread:20748][task_id:common][common.py:12][INFO][student1登录了(身份:student)]
[2019-02-04 16:02:20,914][MainThread:20748][task_id:common][common.py:174][INFO][上海学校AI课程一班班级添加student1学生成功]
[2019-02-04 16:02:38,003][MainThread:20748][task_id:common][common.py:174][INFO][上海学校AI课程二班班级添加student1学生成功]
[2019-02-04 16:02:50,754][MainThread:20748][task_id:common][common.py:174][INFO][上海学校AI课程三班班级添加student1学生成功]
[2019-02-04 16:03:14,574][MainThread:20748][task_id:student][student.py:23][INFO][student2 注册了]
[2019-02-04 16:03:43,431][MainThread:20748][task_id:common][common.py:12][INFO][student2登录了(身份:student)]
[2019-02-04 16:04:00,530][MainThread:20748][task_id:common][common.py:174][INFO][上海学校AI课程一班班级添加student2学生成功]
[2019-02-04 16:04:28,538][MainThread:20748][task_id:common][common.py:12][INFO][teacher1登录了(身份:teacher)]
[2019-02-04 16:05:00,990][MainThread:20748][task_id:common][common.py:204][INFO][上海学校AI课程一班班级设置student1学生成绩为99]
[2019-02-04 16:05:17,316][MainThread:20748][task_id:common][common.py:204][INFO][上海学校AI课程一班班级设置student2学生成绩为89]
[2019-02-04 16:06:15,647][MainThread:20748][task_id:common][common.py:12][INFO][student1登录了(身份:student)]
[2019-02-04 16:07:56,597][MainThread:20108][task_id:common][common.py:12][INFO][teacher1登录了(身份:teacher)]
[2019-02-04 16:08:39,874][MainThread:20108][task_id:common][common.py:204][INFO][上海学校AI课程三班班级设置student1学生成绩为66]
[2019-02-04 16:08:58,292][MainThread:20108][task_id:common][common.py:12][INFO][student1登录了(身份:student)]
[2019-02-20 19:40:59,355][MainThread:2116][task_id:common][common.py:12][INFO][teacher1登录了(身份:teacher)]
