[2019-02-04 15:49:19,421][MainThread:22336][task_id:manager][manager.py:23][INFO][manager 注册了]
[2019-02-04 15:50:05,501][MainThread:20748][task_id:manager][manager.py:23][INFO][manager1 注册了]
[2019-02-04 15:50:18,099][MainThread:20748][task_id:manager][manager.py:23][INFO][manager2 注册了]
[2019-02-04 15:50:32,660][MainThread:20748][task_id:common][common.py:12][INFO][manager1登录了(身份:manager)]
[2019-02-04 15:50:59,794][MainThread:20748][task_id:common][common.py:52][INFO][上海学校创建成功]
[2019-02-04 15:51:35,000][MainThread:20748][task_id:common][common.py:52][INFO][纽约学校创建成功]
[2019-02-04 15:52:08,046][MainThread:20748][task_id:common][common.py:86][INFO][上海学校创建AI课程成功]
[2019-02-04 15:52:47,024][MainThread:20748][task_id:common][common.py:86][INFO][上海学校创建Python课程成功]
[2019-02-04 15:53:16,308][MainThread:20748][task_id:common][common.py:86][INFO][纽约学校创建ML课程成功]
[2019-02-04 15:53:49,689][MainThread:20748][task_id:common][common.py:107][INFO][上海学校添加teacher1老师成功]
[2019-02-04 15:54:14,181][MainThread:20748][task_id:common][common.py:107][INFO][上海学校添加teacher2老师成功]
[2019-02-04 15:54:51,332][MainThread:20748][task_id:common][common.py:107][INFO][纽约学校添加teacher3老师成功]
[2019-02-04 15:55:49,365][MainThread:20748][task_id:common][common.py:130][INFO][上海学校AI课程创建一班班级成功]
[2019-02-04 15:55:49,373][MainThread:20748][task_id:common][common.py:155][INFO][上海学校AI课程一班班级设置teacher1老师成功]
[2019-02-04 15:56:54,888][MainThread:20748][task_id:common][common.py:130][INFO][上海学校AI课程创建二班班级成功]
[2019-02-04 15:56:54,896][MainThread:20748][task_id:common][common.py:155][INFO][上海学校AI课程二班班级设置teacher2老师成功]
[2019-02-04 15:57:26,556][MainThread:20748][task_id:common][common.py:130][INFO][上海学校Python课程创建一班班级成功]
[2019-02-04 15:57:26,563][MainThread:20748][task_id:common][common.py:155][INFO][上海学校Python课程一班班级设置teacher1老师成功]
[2019-02-04 15:57:49,862][MainThread:20748][task_id:common][common.py:130][INFO][上海学校AI课程创建三班班级成功]
[2019-02-04 15:57:49,870][MainThread:20748][task_id:common][common.py:155][INFO][上海学校AI课程三班班级设置teacher1老师成功]
[2019-02-04 15:58:57,316][MainThread:20748][task_id:common][common.py:12][INFO][manager1登录了(身份:manager)]
[2019-02-04 16:00:36,705][MainThread:20748][task_id:common][common.py:12][INFO][teacher1登录了(身份:teacher)]
[2019-02-04 16:01:44,158][MainThread:20748][task_id:student][student.py:23][INFO][student1 注册了]
[2019-02-04 16:01:58,923][MainThread:20748][task_id:common][common.py:12][INFO][student1登录了(身份:student)]
[2019-02-04 16:02:20,914][MainThread:20748][task_id:common][common.py:174][INFO][上海学校AI课程一班班级添加student1学生成功]
[2019-02-04 16:02:38,003][MainThread:20748][task_id:common][common.py:174][INFO][上海学校AI课程二班班级添加student1学生成功]
[2019-02-04 16:02:50,754][MainThread:20748][task_id:common][common.py:174][INFO][上海学校AI课程三班班级添加student1学生成功]
[2019-02-04 16:03:14,574][MainThread:20748][task_id:student][student.py:23][INFO][student2 注册了]
[2019-02-04 16:03:43,431][MainThread:20748][task_id:common][common.py:12][INFO][student2登录了(身份:student)]
[2019-02-04 16:04:00,530][MainThread:20748][task_id:common][common.py:174][INFO][上海学校AI课程一班班级添加student2学生成功]
[2019-02-04 16:04:28,538][MainThread:20748][task_id:common][common.py:12][INFO][teacher1登录了(身份:teacher)]
[2019-02-04 16:05:00,990][MainThread:20748][task_id:common][common.py:204][INFO][上海学校AI课程一班班级设置student1学生成绩为99]
[2019-02-04 16:05:17,316][MainThread:20748][task_id:common][common.py:204][INFO][上海学校AI课程一班班级设置student2学生成绩为89]
[2019-02-04 16:06:15,647][MainThread:20748][task_id:common][common.py:12][INFO][student1登录了(身份:student)]
[2019-02-04 16:07:56,597][MainThread:20108][task_id:common][common.py:12][INFO][teacher1登录了(身份:teacher)]
[2019-02-04 16:08:39,874][MainThread:20108][task_id:common][common.py:204][INFO][上海学校AI课程三班班级设置student1学生成绩为66]
[2019-02-04 16:08:58,292][MainThread:20108][task_id:common][common.py:12][INFO][student1登录了(身份:student)]
[2019-02-20 19:40:59,355][MainThread:2116][task_id:common][common.py:12][INFO][teacher1登录了(身份:teacher)]
[2019-02-28 17:40:21,977][MainThread:23444][task_id:common][user.py:28][INFO][user1 注册了]
[2019-02-28 17:40:33,582][MainThread:19832][task_id:common][user.py:28][INFO][user1 注册了]
[2019-02-28 17:41:59,775][MainThread:23096][task_id:common][user.py:12][INFO][user1登录了]
[2019-02-28 17:42:06,423][MainThread:21792][task_id:common][user.py:12][INFO][user1登录了]
[2019-02-28 17:49:05,856][MainThread:22684][task_id:common][user.py:12][INFO][user1登录了]
[2019-02-28 17:50:07,428][MainThread:19684][task_id:common][user.py:28][INFO][user1 注册了]
[2019-02-28 17:50:07,429][MainThread:19684][task_id:common][user.py:12][INFO][user1登录了]
[2019-02-28 17:50:11,680][MainThread:880][task_id:common][user.py:12][INFO][user1登录了]
[2019-02-28 17:50:40,448][MainThread:23568][task_id:common][user.py:12][INFO][user1登录了]
[2019-02-28 17:51:01,778][MainThread:19740][task_id:common][user.py:13][INFO][user1登录了]
[2019-02-28 17:51:20,670][MainThread:20360][task_id:common][user.py:13][INFO][user1登录了]
[2019-03-03 18:25:43,278][MainThread:5024][task_id:common][user.py:29][INFO][xm 注册了]
[2019-03-03 18:50:57,694][MainThread:29316][task_id:user][user.py:27][INFO][xm 注册了]
[2019-03-03 18:54:39,657][MainThread:10844][task_id:user][user_interface.py:11][INFO][xm登录了]
[2019-03-03 19:21:10,547][MainThread:23320][task_id:user][user_interface.py:11][INFO][xm登录了]
[2019-03-03 19:31:39,013][MainThread:28712][task_id:user][user_interface.py:11][INFO][xm登录了]
[2019-03-03 19:31:54,588][MainThread:30460][task_id:user][user_interface.py:27][INFO][xg 注册了]
[2019-03-03 19:32:00,313][MainThread:30460][task_id:user][user_interface.py:11][INFO][xg登录了]
[2019-03-03 19:33:56,171][MainThread:29016][task_id:user][user_interface.py:11][INFO][xm登录了]
[2019-03-03 20:12:03,193][MainThread:14732][task_id:user][user_interface.py:11][INFO][xm登录了]
[2019-03-03 20:13:45,648][MainThread:26584][task_id:user][user_interface.py:11][INFO][xm登录了]
[2019-03-03 20:15:19,226][MainThread:28148][task_id:user][user_interface.py:11][INFO][xm登录了]
[2019-03-03 20:22:30,962][MainThread:28944][task_id:user][user_interface.py:11][INFO][xm登录了]
[2019-03-03 21:31:26,685][MainThread:25628][task_id:user][user_interface.py:11][INFO][xm登录了]
[2019-03-03 21:33:34,855][MainThread:19452][task_id:user][user_interface.py:11][INFO][xm登录了]
[2019-03-03 21:35:52,071][MainThread:19920][task_id:user][user_interface.py:11][INFO][xm登录了]
[2019-03-03 21:37:31,754][MainThread:25616][task_id:user][user_interface.py:11][INFO][xm登录了]
[2019-03-03 21:39:01,153][MainThread:22068][task_id:user][user_interface.py:11][INFO][xm登录了]
[2019-03-03 21:41:08,561][MainThread:28172][task_id:user][user_interface.py:11][INFO][xm登录了]
[2019-03-03 21:42:41,942][MainThread:6428][task_id:user][user_interface.py:11][INFO][xm登录了]
[2019-03-03 22:00:58,899][MainThread:4136][task_id:user][user_interface.py:11][INFO][xm登录了]
[2019-03-03 22:03:18,080][MainThread:16968][task_id:user][user_interface.py:11][INFO][xm登录了]
[2019-03-03 22:03:56,895][MainThread:30716][task_id:user][user_interface.py:11][INFO][xm登录了]
[2019-03-03 22:04:28,089][MainThread:19452][task_id:user][user_interface.py:11][INFO][xg登录了]
[2019-03-03 22:08:55,256][MainThread:30528][task_id:user][user_interface.py:11][INFO][xm登录了]
[2019-03-03 22:09:52,149][MainThread:28116][task_id:user][user_interface.py:11][INFO][xm登录了]
[2019-03-03 22:10:04,818][MainThread:15088][task_id:user][user_interface.py:11][INFO][xg登录了]
[2019-03-03 22:11:12,679][MainThread:15088][task_id:user][user_interface.py:11][INFO][xm登录了]
[2019-03-03 22:11:56,151][MainThread:17136][task_id:user][user_interface.py:11][INFO][xg登录了]
[2019-03-03 22:15:14,787][MainThread:6684][task_id:user][user_interface.py:11][INFO][xm登录了]
[2019-03-03 22:17:55,702][MainThread:5504][task_id:user][user_interface.py:11][INFO][xm登录了]
[2019-03-03 22:18:18,009][MainThread:2340][task_id:user][user_interface.py:11][INFO][xg登录了]
